2025-04-15 05:38:18.677957 - Received CBT.V508.FILE790.PDS from FILE790.XMI 
2025-04-15 05:38:18.679370 - Found $$$#DATE.txt (text/plain) in CBT.V508.FILE790.PDS, moved to PDS/$$$#DATE
2025-04-15 05:38:18.679582 - Found $INST121.txt (text/plain) in CBT.V508.FILE790.PDS, moved to PDS/$INST121
2025-04-15 05:38:18.679902 - Found $INST130.txt (text/plain) in CBT.V508.FILE790.PDS, moved to PDS/$INST130
2025-04-15 05:38:18.680235 - Found $README.txt (text/plain) in CBT.V508.FILE790.PDS, moved to PDS/$README
2025-04-15 05:38:18.680446 - Found @ABOUT.txt (text/plain) in CBT.V508.FILE790.PDS, moved to PDS/@ABOUT
2025-04-15 05:38:18.680630 - Found @FILE790.txt (text/plain) in CBT.V508.FILE790.PDS, moved to PDS/@FILE790
2025-04-15 05:38:18.681998 - Found SRS121.xmi (application/xmit) in CBT.V508.FILE790.PDS, moved to PDS/SRS121.xmi
2025-04-15 05:38:18.854612 - Received SRS.V121.SRC from SRS121.xmi 
2025-04-15 05:38:18.856313 - Found $ABOUT.txt (text/plain) in SRS.V121.SRC, moved to SRS121/$ABOUT
2025-04-15 05:38:18.856884 - Found $APARS.txt (text/plain) in SRS.V121.SRC, moved to SRS121/$APARS
2025-04-15 05:38:18.857224 - Found $ASMSRS.jcl (text/plain) in SRS.V121.SRC, moved to SRS121/$ASMSRS
2025-04-15 05:38:18.857540 - Found $INSTALL.txt (text/plain) in SRS.V121.SRC, moved to SRS121/$INSTALL
2025-04-15 05:38:18.857858 - Found $NEWS.txt (text/plain) in SRS.V121.SRC, moved to SRS121/$NEWS
2025-04-15 05:38:18.858187 - Found $NEWS112.txt (text/plain) in SRS.V121.SRC, moved to SRS121/$NEWS112
2025-04-15 05:38:18.858510 - Found $NEWS120.txt (text/plain) in SRS.V121.SRC, moved to SRS121/$NEWS120
2025-04-15 05:38:18.858834 - Found $OPTIONS.jcl (text/plain) in SRS.V121.SRC, moved to SRS121/$OPTIONS
2025-04-15 05:38:18.859183 - Found ASMSRS.txt (text/plain) in SRS.V121.SRC, moved to SRS121/ASMSRS
2025-04-15 05:38:18.859516 - Found SRS.txt (text/plain) in SRS.V121.SRC, moved to SRS121/SRS
2025-04-15 05:38:18.859846 - Found SRSABLK.txt (text/plain) in SRS.V121.SRC, moved to SRS121/SRSABLK
2025-04-15 05:38:18.860174 - Found SRSAMODE.txt (text/plain) in SRS.V121.SRC, moved to SRS121/SRSAMODE
2025-04-15 05:38:18.860510 - Found SRSAUTH.txt (text/plain) in SRS.V121.SRC, moved to SRS121/SRSAUTH
2025-04-15 05:38:18.860693 - Found SRSDATA.txt (text/plain) in SRS.V121.SRC, moved to SRS121/SRSDATA
2025-04-15 05:38:18.861400 - Found SRSDRVR.txt (text/plain) in SRS.V121.SRC, moved to SRS121/SRSDRVR
2025-04-15 05:38:18.862107 - Found SRSGENER.txt (text/plain) in SRS.V121.SRC, moved to SRS121/SRSGENER
2025-04-15 05:38:18.862448 - Found SRSJWRAP.txt (text/plain) in SRS.V121.SRC, moved to SRS121/SRSJWRAP
2025-04-15 05:38:18.862791 - Found SRSKEY.txt (text/plain) in SRS.V121.SRC, moved to SRS121/SRSKEY
2025-04-15 05:38:18.863133 - Found SRSOPT.txt (text/plain) in SRS.V121.SRC, moved to SRS121/SRSOPT
2025-04-15 05:38:18.863455 - Found SRSOPTS.txt (text/plain) in SRS.V121.SRC, moved to SRS121/SRSOPTS
2025-04-15 05:38:18.863808 - Found SRSPRHEX.txt (text/plain) in SRS.V121.SRC, moved to SRS121/SRSPRHEX
2025-04-15 05:38:18.864647 - Found SRSTASK.txt (text/plain) in SRS.V121.SRC, moved to SRS121/SRSTASK
2025-04-15 05:38:18.865020 - Found SRSTBLK.txt (text/plain) in SRS.V121.SRC, moved to SRS121/SRSTBLK
2025-04-15 05:38:18.866366 - Found SRS121L.xmi (application/xmit) in CBT.V508.FILE790.PDS, moved to PDS/SRS121L.xmi
2025-04-15 05:38:18.880265 - Received SRS.V12101.LINKLIB from SRS121L.xmi 
2025-04-15 05:38:18.880862 - Found alias SRS to SRSDRVR in SRS.V12101.LINKLIB, moved to PDS/SRS
2025-04-15 05:38:18.881186 - Found SRSAUTH.bin (application/octet-stream) in SRS.V12101.LINKLIB, moved to SRS121L/SRSAUTH
2025-04-15 05:38:18.881711 - Found SRSDRVR.bin (application/octet-stream) in SRS.V12101.LINKLIB, moved to SRS121L/SRSDRVR
2025-04-15 05:38:18.881948 - Found SRSGENER.bin (application/octet-stream) in SRS.V12101.LINKLIB, moved to SRS121L/SRSGENER
2025-04-15 05:38:18.882148 - Found SRSJWRAP.bin (application/octet-stream) in SRS.V12101.LINKLIB, moved to SRS121L/SRSJWRAP
2025-04-15 05:38:18.882324 - Found SRSOPTS.bin (application/octet-stream) in SRS.V12101.LINKLIB, moved to SRS121L/SRSOPTS
2025-04-15 05:38:18.882503 - Found SRSPRHEX.bin (application/octet-stream) in SRS.V12101.LINKLIB, moved to SRS121L/SRSPRHEX
2025-04-15 05:38:18.882692 - Found SRSTASK.bin (application/octet-stream) in SRS.V12101.LINKLIB, moved to SRS121L/SRSTASK
2025-04-15 05:38:18.884292 - Found SRS130.xmi (application/xmit) in CBT.V508.FILE790.PDS, moved to PDS/SRS130.xmi
2025-04-15 05:38:19.037503 - Received SRS.V130.SRC from SRS130.xmi 
2025-04-15 05:38:19.039134 - Found $ABOUT.txt (text/plain) in SRS.V130.SRC, moved to SRS130/$ABOUT
2025-04-15 05:38:19.039595 - Found $APARS.txt (text/plain) in SRS.V130.SRC, moved to SRS130/$APARS
2025-04-15 05:38:19.039810 - Found $ASMSRS.jcl (text/plain) in SRS.V130.SRC, moved to SRS130/$ASMSRS
2025-04-15 05:38:19.040142 - Found $INSTALL.txt (text/plain) in SRS.V130.SRC, moved to SRS130/$INSTALL
2025-04-15 05:38:19.040539 - Found $NEWS.txt (text/plain) in SRS.V130.SRC, moved to SRS130/$NEWS
2025-04-15 05:38:19.040872 - Found $NEWS121.txt (text/plain) in SRS.V130.SRC, moved to SRS130/$NEWS121
2025-04-15 05:38:19.041213 - Found $OPTIONS.jcl (text/plain) in SRS.V130.SRC, moved to SRS130/$OPTIONS
2025-04-15 05:38:19.041559 - Found ASMSRS.txt (text/plain) in SRS.V130.SRC, moved to SRS130/ASMSRS
2025-04-15 05:38:19.041884 - Found SRS.txt (text/plain) in SRS.V130.SRC, moved to SRS130/SRS
2025-04-15 05:38:19.042232 - Found SRSBEGIN.txt (text/plain) in SRS.V130.SRC, moved to SRS130/SRSBEGIN
2025-04-15 05:38:19.042597 - Found SRSDATA.txt (text/plain) in SRS.V130.SRC, moved to SRS130/SRSDATA
2025-04-15 05:38:19.043310 - Found SRSDRVR.txt (text/plain) in SRS.V130.SRC, moved to SRS130/SRSDRVR
2025-04-15 05:38:19.043920 - Found SRSGENER.txt (text/plain) in SRS.V130.SRC, moved to SRS130/SRSGENER
2025-04-15 05:38:19.044250 - Found SRSJWRAP.txt (text/plain) in SRS.V130.SRC, moved to SRS130/SRSJWRAP
2025-04-15 05:38:19.044559 - Found SRSKEY.txt (text/plain) in SRS.V130.SRC, moved to SRS130/SRSKEY
2025-04-15 05:38:19.044907 - Found SRSOPT.txt (text/plain) in SRS.V130.SRC, moved to SRS130/SRSOPT
2025-04-15 05:38:19.045268 - Found SRSOPTS.txt (text/plain) in SRS.V130.SRC, moved to SRS130/SRSOPTS
2025-04-15 05:38:19.045619 - Found SRSPRHEX.txt (text/plain) in SRS.V130.SRC, moved to SRS130/SRSPRHEX
2025-04-15 05:38:19.046351 - Found SRSTASK.txt (text/plain) in SRS.V130.SRC, moved to SRS130/SRSTASK
2025-04-15 05:38:19.046686 - Found SRSTBLK.txt (text/plain) in SRS.V130.SRC, moved to SRS130/SRSTBLK
2025-04-15 05:38:19.047709 - Found SRS130L.xmi (application/xmit) in CBT.V508.FILE790.PDS, moved to PDS/SRS130L.xmi
2025-04-15 05:38:19.059908 - Received SRS.V130.LINKLIB from SRS130L.xmi 
2025-04-15 05:38:19.060434 - Found alias SRS to SRSDRVR in SRS.V130.LINKLIB, moved to PDS/SRS
2025-04-15 05:38:19.060858 - Found SRSDRVR.bin (application/octet-stream) in SRS.V130.LINKLIB, moved to SRS130L/SRSDRVR
2025-04-15 05:38:19.061192 - Found SRSGENER.bin (application/octet-stream) in SRS.V130.LINKLIB, moved to SRS130L/SRSGENER
2025-04-15 05:38:19.061564 - Found SRSJWRAP.bin (application/octet-stream) in SRS.V130.LINKLIB, moved to SRS130L/SRSJWRAP
2025-04-15 05:38:19.061919 - Found SRSOPTS.bin (application/octet-stream) in SRS.V130.LINKLIB, moved to SRS130L/SRSOPTS
2025-04-15 05:38:19.062283 - Found SRSPRHEX.bin (application/octet-stream) in SRS.V130.LINKLIB, moved to SRS130L/SRSPRHEX
2025-04-15 05:38:19.062617 - Found SRSTASK.bin (application/octet-stream) in SRS.V130.LINKLIB, moved to SRS130L/SRSTASK
